<?xml version="1.0" encoding="UTF-8"?>
<testsuites>
    <testsuite name="SampleTestSuite" tests="1" failures="0" errors="0" skipped="0" timestamp="2024-06-09T00:00:00">
        <testcase classname="SampleTestClass" name="testExample" time="0.001"/>
    </testsuite>
</testsuites>